<?xml version="1.0" encoding="UTF-8"?>
<testsuite name="com.userregistration.com.EmailFormatValidator" tests="17" skipped="0" failures="0" errors="0" timestamp="2019-11-22T13:22:00" hostname="admin1-LIVA-Z2V" time="0.043">
  <properties/>
  <testcase name="test[0]" classname="com.userregistration.com.EmailFormatValidator" time="0.01"/>
  <testcase name="test[1]" classname="com.userregistration.com.EmailFormatValidator" time="0.003"/>
  <testcase name="test[2]" classname="com.userregistration.com.EmailFormatValidator" time="0.003"/>
  <testcase name="test[3]" classname="com.userregistration.com.EmailFormatValidator" time="0.001"/>
  <testcase name="test[4]" classname="com.userregistration.com.EmailFormatValidator" time="0.0"/>
  <testcase name="test[5]" classname="com.userregistration.com.EmailFormatValidator" time="0.001"/>
  <testcase name="test[6]" classname="com.userregistration.com.EmailFormatValidator" time="0.001"/>
  <testcase name="test[7]" classname="com.userregistration.com.EmailFormatValidator" time="0.002"/>
  <testcase name="test[8]" classname="com.userregistration.com.EmailFormatValidator" time="0.001"/>
  <testcase name="test[9]" classname="com.userregistration.com.EmailFormatValidator" time="0.0"/>
  <testcase name="test[10]" classname="com.userregistration.com.EmailFormatValidator" time="0.0"/>
  <testcase name="test[11]" classname="com.userregistration.com.EmailFormatValidator" time="0.001"/>
  <testcase name="test[12]" classname="com.userregistration.com.EmailFormatValidator" time="0.002"/>
  <testcase name="test[13]" classname="com.userregistration.com.EmailFormatValidator" time="0.001"/>
  <testcase name="test[14]" classname="com.userregistration.com.EmailFormatValidator" time="0.001"/>
  <testcase name="test[15]" classname="com.userregistration.com.EmailFormatValidator" time="0.002"/>
  <testcase name="test[16]" classname="com.userregistration.com.EmailFormatValidator" time="0.0"/>
  <system-out><![CDATA[Hex Color Code abc@yahoo.com is valid
Hex Color Code abc.100@yahoo.com is valid
Hex Color Code abc.100@abc.com.au is valid
Hex Color Code abc+100@gmail.com is valid
Hex Color Code abc.abc@gmail.co.in is valid
Hex Color Code abc100@gmail.com is valid
Hex Color Code abc is invalid
Hex Color Code abc@.com.my is invalid
Hex Color Code abc123@gmail.a is invalid
Hex Color Code .abc@abc.com is invalid
Hex Color Code abc()*@gmail.com is invalid
Hex Color Code abc@%.com is invalid
Hex Color Code abc..2002@gmail.com is invalid
Hex Color Code abc.@g.com is invalid
Hex Color Code abc@abc@gmail.com is invalid
Hex Color Code abc@a.com.21a is invalid
Hex Color Code abc@g.cim.au.au is invalid
]]></system-out>
  <system-err><![CDATA[]]></system-err>
</testsuite>
