<?xml version="1.0" encoding="UTF-8"?>
<testsuite name="com.userregistration.com.UserRegistration" tests="7" skipped="0" failures="0" errors="0" timestamp="2019-11-22T13:04:21" hostname="admin1-LIVA-Z2V" time="0.036">
  <properties/>
  <testcase name="givenLastName_WhenAllCaps_ReturnFalse" classname="com.userregistration.com.UserRegistration" time="0.003"/>
  <testcase name="givenLastName_WhenSpecialCharacter_ReturnFalse" classname="com.userregistration.com.UserRegistration" time="0.0"/>
  <testcase name="givenLastName_WhenCorrect_ReturnTrue" classname="com.userregistration.com.UserRegistration" time="0.004"/>
  <testcase name="givenLastName_WhenLowerCase_ReturnFalse" classname="com.userregistration.com.UserRegistration" time="0.001"/>
  <testcase name="givenLastName_WhenMinimumTreeCharacter_ReturnFalse" classname="com.userregistration.com.UserRegistration" time="0.002"/>
  <testcase name="givenLastName_WhenMinimumThreeCharacter_ReturnTrue" classname="com.userregistration.com.UserRegistration" time="0.003"/>
  <testcase name="givenLastName_WhenContainNumber_ReturnFalse" classname="com.userregistration.com.UserRegistration" time="0.004"/>
  <system-out><![CDATA[]]></system-out>
  <system-err><![CDATA[]]></system-err>
</testsuite>
